[0.005s] Invoking command in '/root/local_lidar_planner/build/local_lidar_planner': /usr/bin/cmake /root/local_lidar_planner/src/local_lidar_planner -DCATKIN_INSTALL_INTO_PREFIX_ROOT=0 -DCMAKE_INSTALL_PREFIX=/root/local_lidar_planner/install/local_lidar_planner
[0.030s] -- The C compiler identification is GNU 11.4.0
[0.052s] -- The CXX compiler identification is GNU 11.4.0
[0.056s] -- Detecting C compiler ABI info
[0.083s] -- Detecting C compiler ABI info - done
[0.086s] -- Check for working C compiler: /usr/bin/cc - skipped
[0.086s] -- Detecting C compile features
[0.087s] -- Detecting C compile features - done
[0.088s] -- Detecting CXX compiler ABI info
[0.122s] -- Detecting CXX compiler ABI info - done
[0.125s] -- Check for working CXX compiler: /usr/bin/c++ - skipped
[0.125s] -- Detecting CXX compile features
[0.125s] -- Detecting CXX compile features - done
[0.127s] -- Found ament_cmake: 1.3.12 (/opt/ros/humble/share/ament_cmake/cmake)
[0.197s] -- Found Python3: /usr/bin/python3 (found version "3.10.12") found components: Interpreter 
[0.248s] -- Found rclcpp: 16.0.15 (/opt/ros/humble/share/rclcpp/cmake)
[0.271s] -- Found rosidl_generator_c: 3.1.7 (/opt/ros/humble/share/rosidl_generator_c/cmake)
[0.274s] -- Found rosidl_adapter: 3.1.7 (/opt/ros/humble/share/rosidl_adapter/cmake)
[0.278s] -- Found rosidl_generator_cpp: 3.1.7 (/opt/ros/humble/share/rosidl_generator_cpp/cmake)
[0.284s] -- Using all available rosidl_typesupport_c: rosidl_typesupport_fastrtps_c;rosidl_typesupport_introspection_c
[0.291s] -- Using all available rosidl_typesupport_cpp: rosidl_typesupport_fastrtps_cpp;rosidl_typesupport_introspection_cpp
[0.312s] -- Found rmw_implementation_cmake: 6.1.2 (/opt/ros/humble/share/rmw_implementation_cmake/cmake)
[0.313s] -- Found rmw_cyclonedds_cpp: 1.3.4 (/root/unitree_ros2/cyclonedds_ws/install/rmw_cyclonedds_cpp/share/rmw_cyclonedds_cpp/cmake)
[0.323s] -- Using RMW implementation 'rmw_cyclonedds_cpp' as default
[0.328s] -- Looking for pthread.h
[0.361s] -- Looking for pthread.h - found
[0.361s] -- Performing Test CMAKE_HAVE_LIBC_PTHREAD
[0.391s] -- Performing Test CMAKE_HAVE_LIBC_PTHREAD - Success
[0.392s] -- Found Threads: TRUE  
[0.415s] -- Found sensor_msgs: 4.9.0 (/opt/ros/humble/share/sensor_msgs/cmake)
[0.428s] -- Found nav_msgs: 4.9.0 (/opt/ros/humble/share/nav_msgs/cmake)
[0.435s] -- Found tf2: 0.25.16 (/opt/ros/humble/share/tf2/cmake)
[0.441s] -- Found tf2_ros: 0.25.16 (/opt/ros/humble/share/tf2_ros/cmake)
[0.483s] -- Found tf2_geometry_msgs: 0.25.16 (/opt/ros/humble/share/tf2_geometry_msgs/cmake)
[0.493s] -- Found eigen3_cmake_module: 0.1.1 (/opt/ros/humble/share/eigen3_cmake_module/cmake)
[0.494s] -- Found Eigen3: TRUE (found version "3.4.0") 
[0.494s] -- Ensuring Eigen3 include directory is part of orocos-kdl CMake target
[0.496s] -- Found pcl_ros: 2.4.5 (/opt/ros/humble/share/pcl_ros/cmake)
[0.517s] -- Checking for module 'eigen3'
[0.524s] --   Found eigen3, version 3.4.0
[0.538s] -- Found Eigen: /usr/include/eigen3 (Required is at least version "3.1") 
[0.538s] -- Eigen found (include: /usr/include/eigen3, version: 3.4.0)
[0.553s] -- Checking for module 'flann'
[0.560s] --   Found flann, version 1.9.1
[0.578s] -- Found FLANN: /usr/lib/x86_64-linux-gnu/libflann_cpp.so  
[0.578s] -- FLANN found (include: /usr/include, lib: /usr/lib/x86_64-linux-gnu/libflann_cpp.so)
[0.952s] -- Checking for module 'libusb-1.0'
[0.956s] --   Found libusb-1.0, version 1.0.25
[0.971s] -- Found libusb: /usr/lib/x86_64-linux-gnu/libusb-1.0.so  
[0.971s] -- OpenNI found (version: 1.5.4.0, include: /usr/include/ni, lib: /usr/lib/libOpenNI.so;libusb::libusb)
[0.990s] -- OpenNI2 found (version: 2.2.0.33, include: /usr/include/openni2, lib: /usr/lib/x86_64-linux-gnu/libOpenNI2.so;libusb::libusb)
[1.056s] -- Eigen found (include: /usr/include/eigen3, version: 3.4.0)
[1.060s] -- OpenNI found (version: 1.5.4.0, include: /usr/include/ni, lib: /usr/lib/libOpenNI.so;libusb::libusb)
[1.062s] -- OpenNI2 found (version: 2.2.0.33, include: /usr/include/openni2, lib: /usr/lib/x86_64-linux-gnu/libOpenNI2.so;libusb::libusb)
[1.128s] -- Found Qhull version 8.0.2
[1.191s] -- OpenNI found (version: 1.5.4.0, include: /usr/include/ni, lib: /usr/lib/libOpenNI.so;libusb::libusb)
[1.257s] -- Found PCL_COMMON: /usr/lib/x86_64-linux-gnu/libpcl_common.so  
[1.257s] -- Found PCL_KDTREE: /usr/lib/x86_64-linux-gnu/libpcl_kdtree.so  
[1.257s] -- Found PCL_OCTREE: /usr/lib/x86_64-linux-gnu/libpcl_octree.so  
[1.257s] -- Found PCL_SEARCH: /usr/lib/x86_64-linux-gnu/libpcl_search.so  
[1.258s] -- Found PCL_SAMPLE_CONSENSUS: /usr/lib/x86_64-linux-gnu/libpcl_sample_consensus.so  
[1.258s] -- Found PCL_FILTERS: /usr/lib/x86_64-linux-gnu/libpcl_filters.so  
[1.258s] -- Found PCL_2D: /usr/include/pcl-1.12  
[1.258s] -- Found PCL_GEOMETRY: /usr/include/pcl-1.12  
[1.258s] -- Found PCL_IO: /usr/lib/x86_64-linux-gnu/libpcl_io.so  
[1.259s] -- Found PCL_FEATURES: /usr/lib/x86_64-linux-gnu/libpcl_features.so  
[1.259s] -- Found PCL_ML: /usr/lib/x86_64-linux-gnu/libpcl_ml.so  
[1.259s] -- Found PCL_SEGMENTATION: /usr/lib/x86_64-linux-gnu/libpcl_segmentation.so  
[1.260s] -- Found PCL_VISUALIZATION: /usr/lib/x86_64-linux-gnu/libpcl_visualization.so  
[1.260s] -- Found PCL_SURFACE: /usr/lib/x86_64-linux-gnu/libpcl_surface.so  
[1.260s] -- Found PCL_REGISTRATION: /usr/lib/x86_64-linux-gnu/libpcl_registration.so  
[1.261s] -- Found PCL_KEYPOINTS: /usr/lib/x86_64-linux-gnu/libpcl_keypoints.so  
[1.261s] -- Found PCL_TRACKING: /usr/lib/x86_64-linux-gnu/libpcl_tracking.so  
[1.261s] -- Found PCL_RECOGNITION: /usr/lib/x86_64-linux-gnu/libpcl_recognition.so  
[1.262s] -- Found PCL_STEREO: /usr/lib/x86_64-linux-gnu/libpcl_stereo.so  
[1.262s] -- Found PCL_APPS: /usr/lib/x86_64-linux-gnu/libpcl_apps.so  
[1.262s] -- Found PCL_IN_HAND_SCANNER: /usr/include/pcl-1.12  
[1.262s] -- Found PCL_MODELER: /usr/include/pcl-1.12  
[1.262s] -- Found PCL_POINT_CLOUD_EDITOR: /usr/include/pcl-1.12  
[1.263s] -- Found PCL_OUTOFCORE: /usr/lib/x86_64-linux-gnu/libpcl_outofcore.so  
[1.263s] -- Found PCL_PEOPLE: /usr/lib/x86_64-linux-gnu/libpcl_people.so  
[1.267s] -- Found unitree_api: 0.0.0 (/root/unitree_ros2/cyclonedds_ws/install/unitree_api/share/unitree_api/cmake)
[1.278s] [31mCMake Error at CMakeLists.txt:28 (find_package):
[1.279s]   By not providing "Findgo2_sport_api.cmake" in CMAKE_MODULE_PATH this
[1.279s]   project has asked CMake to find a package configuration file provided by
[1.279s]   "go2_sport_api", but CMake did not find one.
[1.279s] 
[1.279s]   Could not find a package configuration file provided by "go2_sport_api"
[1.279s]   with any of the following names:
[1.279s] 
[1.279s]     go2_sport_apiConfig.cmake
[1.279s]     go2_sport_api-config.cmake
[1.279s] 
[1.279s]   Add the installation prefix of "go2_sport_api" to CMAKE_PREFIX_PATH or set
[1.279s]   "go2_sport_api_DIR" to a directory containing one of the above files.  If
[1.279s]   "go2_sport_api" provides a separate development package or SDK, be sure it
[1.279s]   has been installed.
[1.279s] 
[1.279s] [0m
[1.279s] -- Configuring incomplete, errors occurred!
[1.279s] See also "/root/local_lidar_planner/build/local_lidar_planner/CMakeFiles/CMakeOutput.log".
[1.288s] Invoked command in '/root/local_lidar_planner/build/local_lidar_planner' returned '1': /usr/bin/cmake /root/local_lidar_planner/src/local_lidar_planner -DCATKIN_INSTALL_INTO_PREFIX_ROOT=0 -DCMAKE_INSTALL_PREFIX=/root/local_lidar_planner/install/local_lidar_planner
